2019-05-13 15:51:27,386 [16] ERROR Xms.Web.Framework.Middlewares.ExceptionHandlerMiddleware [(null)] - System.NullReferenceException: Object reference not set to an instance of an object.
   at Xms.Web.Api.DataDeleterController.Delete(DeleteEntityRecordModel model) in G:\projects\Xms_V2\Presentation\Xms.Web\Api\DataDeleterController.cs:line 40
   at lambda_method(Closure , Object , Object[] )
   at Microsoft.Extensions.Internal.ObjectMethodExecutor.Execute(Object target, Object[] parameters)
   at Microsoft.AspNetCore.Mvc.Internal.ActionMethodExecutor.SyncActionResultExecutor.Execute(IActionResultTypeMapper mapper, ObjectMethodExecutor executor, Object controller, Object[] arguments)
   at Microsoft.AspNetCore.Mvc.Internal.ControllerActionInvoker.InvokeActionMethodAsync()
   at Microsoft.AspNetCore.Mvc.Internal.ControllerActionInvoker.InvokeNextActionFilterAsync()
   at Microsoft.AspNetCore.Mvc.Internal.ControllerActionInvoker.Rethrow(ActionExecutedContext context)
   at Microsoft.AspNetCore.Mvc.Internal.ControllerActionInvoker.Next(State& next, Scope& scope, Object& state, Boolean& isCompleted)
   at Microsoft.AspNetCore.Mvc.Internal.ControllerActionInvoker.InvokeInnerFilterAsync()
   at Microsoft.AspNetCore.Mvc.Internal.ResourceInvoker.InvokeNextResourceFilter()
   at Microsoft.AspNetCore.Mvc.Internal.ResourceInvoker.Rethrow(ResourceExecutedContext context)
   at Microsoft.AspNetCore.Mvc.Internal.ResourceInvoker.Next(State& next, Scope& scope, Object& state, Boolean& isCompleted)
   at Microsoft.AspNetCore.Mvc.Internal.ResourceInvoker.InvokeFilterPipelineAsync()
   at Microsoft.AspNetCore.Mvc.Internal.ResourceInvoker.InvokeAsync()
   at Microsoft.AspNetCore.Builder.RouterMiddleware.Invoke(HttpContext httpContext)
   at Xms.Web.Framework.Middlewares.ExceptionHandlerMiddleware.Invoke(HttpContext context) in G:\projects\Xms_V2\Presentation\Xms.Web.FrameWork\Middlewares\ExceptionHandlerMiddleWare.cs:line 31
2019-05-13 15:55:54,839 [42] ERROR Xms.Web.Framework.Middlewares.ExceptionHandlerMiddleware [(null)] - System.Exception: method "IsSystemControl" is not supported
   at Xms.Data.Provider.ExpressionParser.ParseLinqToObject(Expression expression, Object value, Nullable`1 expressiontype) in G:\projects\Xms_V2\Libraries\Xms.Data\Provider\ExpressionParser.cs:line 206
   at Xms.Data.Provider.ExpressionParser.Resolve(Expression expression) in G:\projects\Xms_V2\Libraries\Xms.Data\Provider\ExpressionParser.cs:line 75
   at Xms.Data.Provider.ExpressionParser.Resolve(Expression expression) in G:\projects\Xms_V2\Libraries\Xms.Data\Provider\ExpressionParser.cs:line 102
   at Xms.Data.Provider.ExpressionParser.Resolve(Expression expression) in G:\projects\Xms_V2\Libraries\Xms.Data\Provider\ExpressionParser.cs:line 52
   at Xms.Data.Provider.ExpressionParser.ToSql(Expression expression) in G:\projects\Xms_V2\Libraries\Xms.Data\Provider\ExpressionParser.cs:line 41
   at Xms.Core.Context.QueryDescriptor`1.Where(Expression`1 predicate) in G:\projects\Xms_V2\Libraries\Xms.Core\Context\QueryDescriptor.cs:line 158
   at Xms.Web.Customize.Controllers.EntityMapController.<>c__DisplayClass15_0.<EditEntityMap>b__1(QueryDescriptor`1 n) in G:\projects\Xms_V2\Presentation\Xms.Web\Areas\Customize\Controllers\EntityMapController.cs:line 235
   at Xms.Schema.Attribute.AttributeFinder.Query(Func`2 container) in G:\projects\Xms_V2\Libraries\Schema\Xms.Schema\Attribute\AttributeFinder.cs:line 122
   at Xms.Web.Customize.Controllers.EntityMapController.EditEntityMap(Guid entitymapid) in G:\projects\Xms_V2\Presentation\Xms.Web\Areas\Customize\Controllers\EntityMapController.cs:line 229
   at lambda_method(Closure , Object , Object[] )
   at Microsoft.Extensions.Internal.ObjectMethodExecutor.Execute(Object target, Object[] parameters)
   at Microsoft.AspNetCore.Mvc.Internal.ActionMethodExecutor.SyncActionResultExecutor.Execute(IActionResultTypeMapper mapper, ObjectMethodExecutor executor, Object controller, Object[] arguments)
   at Microsoft.AspNetCore.Mvc.Internal.ControllerActionInvoker.InvokeActionMethodAsync()
   at Microsoft.AspNetCore.Mvc.Internal.ControllerActionInvoker.InvokeNextActionFilterAsync()
   at Microsoft.AspNetCore.Mvc.Internal.ControllerActionInvoker.Rethrow(ActionExecutedContext context)
   at Microsoft.AspNetCore.Mvc.Internal.ControllerActionInvoker.Next(State& next, Scope& scope, Object& state, Boolean& isCompleted)
   at Microsoft.AspNetCore.Mvc.Internal.ControllerActionInvoker.InvokeInnerFilterAsync()
   at Microsoft.AspNetCore.Mvc.Internal.ResourceInvoker.InvokeNextResourceFilter()
   at Microsoft.AspNetCore.Mvc.Internal.ResourceInvoker.Rethrow(ResourceExecutedContext context)
   at Microsoft.AspNetCore.Mvc.Internal.ResourceInvoker.Next(State& next, Scope& scope, Object& state, Boolean& isCompleted)
   at Microsoft.AspNetCore.Mvc.Internal.ResourceInvoker.InvokeFilterPipelineAsync()
   at Microsoft.AspNetCore.Mvc.Internal.ResourceInvoker.InvokeAsync()
   at Microsoft.AspNetCore.Builder.RouterMiddleware.Invoke(HttpContext httpContext)
   at Xms.Web.Framework.Middlewares.ExceptionHandlerMiddleware.Invoke(HttpContext context) in G:\projects\Xms_V2\Presentation\Xms.Web.FrameWork\Middlewares\ExceptionHandlerMiddleWare.cs:line 31
2019-05-13 16:02:56,894 [9] ERROR Xms.Web.Framework.Middlewares.ExceptionHandlerMiddleware [(null)] - System.NullReferenceException: Object reference not set to an instance of an object.
   at Xms.Data.Provider.ExpressionParser.GetMemberValue(MemberExpression memberExpression) in G:\projects\Xms_V2\Libraries\Xms.Data\Provider\ExpressionParser.cs:line 401
   at Xms.Data.Provider.ExpressionParser.In(MethodCallExpression expression, Object isTrue) in G:\projects\Xms_V2\Libraries\Xms.Data\Provider\ExpressionParser.cs:line 258
   at Xms.Data.Provider.ExpressionParser.ParseLinqToObject(Expression expression, Object value, Nullable`1 expressiontype) in G:\projects\Xms_V2\Libraries\Xms.Data\Provider\ExpressionParser.cs:line 190
   at Xms.Data.Provider.ExpressionParser.Resolve(Expression expression) in G:\projects\Xms_V2\Libraries\Xms.Data\Provider\ExpressionParser.cs:line 87
   at Xms.Data.Provider.ExpressionParser.Resolve(Expression expression) in G:\projects\Xms_V2\Libraries\Xms.Data\Provider\ExpressionParser.cs:line 101
   at Xms.Data.Provider.ExpressionParser.Resolve(Expression expression) in G:\projects\Xms_V2\Libraries\Xms.Data\Provider\ExpressionParser.cs:line 52
   at Xms.Data.Provider.ExpressionParser.ToSql(Expression expression) in G:\projects\Xms_V2\Libraries\Xms.Data\Provider\ExpressionParser.cs:line 41
   at Xms.Core.Context.QueryDescriptor`1.Where(Expression`1 predicate) in G:\projects\Xms_V2\Libraries\Xms.Core\Context\QueryDescriptor.cs:line 157
   at Xms.Web.Customize.Controllers.EntityMapController.<>c__DisplayClass15_0.<EditEntityMap>b__1(QueryDescriptor`1 n) in G:\projects\Xms_V2\Presentation\Xms.Web\Areas\Customize\Controllers\EntityMapController.cs:line 235
   at Xms.Schema.Attribute.AttributeFinder.Query(Func`2 container) in G:\projects\Xms_V2\Libraries\Schema\Xms.Schema\Attribute\AttributeFinder.cs:line 122
   at Xms.Web.Customize.Controllers.EntityMapController.EditEntityMap(Guid entitymapid) in G:\projects\Xms_V2\Presentation\Xms.Web\Areas\Customize\Controllers\EntityMapController.cs:line 229
   at lambda_method(Closure , Object , Object[] )
   at Microsoft.Extensions.Internal.ObjectMethodExecutor.Execute(Object target, Object[] parameters)
   at Microsoft.AspNetCore.Mvc.Internal.ActionMethodExecutor.SyncActionResultExecutor.Execute(IActionResultTypeMapper mapper, ObjectMethodExecutor executor, Object controller, Object[] arguments)
   at Microsoft.AspNetCore.Mvc.Internal.ControllerActionInvoker.InvokeActionMethodAsync()
   at Microsoft.AspNetCore.Mvc.Internal.ControllerActionInvoker.InvokeNextActionFilterAsync()
   at Microsoft.AspNetCore.Mvc.Internal.ControllerActionInvoker.Rethrow(ActionExecutedContext context)
   at Microsoft.AspNetCore.Mvc.Internal.ControllerActionInvoker.Next(State& next, Scope& scope, Object& state, Boolean& isCompleted)
   at Microsoft.AspNetCore.Mvc.Internal.ControllerActionInvoker.InvokeInnerFilterAsync()
   at Microsoft.AspNetCore.Mvc.Internal.ResourceInvoker.InvokeNextResourceFilter()
   at Microsoft.AspNetCore.Mvc.Internal.ResourceInvoker.Rethrow(ResourceExecutedContext context)
   at Microsoft.AspNetCore.Mvc.Internal.ResourceInvoker.Next(State& next, Scope& scope, Object& state, Boolean& isCompleted)
   at Microsoft.AspNetCore.Mvc.Internal.ResourceInvoker.InvokeFilterPipelineAsync()
   at Microsoft.AspNetCore.Mvc.Internal.ResourceInvoker.InvokeAsync()
   at Microsoft.AspNetCore.Builder.RouterMiddleware.Invoke(HttpContext httpContext)
   at Xms.Web.Framework.Middlewares.ExceptionHandlerMiddleware.Invoke(HttpContext context) in G:\projects\Xms_V2\Presentation\Xms.Web.FrameWork\Middlewares\ExceptionHandlerMiddleWare.cs:line 31
2019-05-13 16:07:02,337 [26] ERROR Xms.Web.Framework.Middlewares.ExceptionHandlerMiddleware [(null)] - System.NullReferenceException: Object reference not set to an instance of an object.
   at Xms.Data.Provider.ExpressionParser.GetMemberValue(MemberExpression memberExpression) in G:\projects\Xms_V2\Libraries\Xms.Data\Provider\ExpressionParser.cs:line 401
   at Xms.Data.Provider.ExpressionParser.In(MethodCallExpression expression, Object isTrue) in G:\projects\Xms_V2\Libraries\Xms.Data\Provider\ExpressionParser.cs:line 258
   at Xms.Data.Provider.ExpressionParser.ParseLinqToObject(Expression expression, Object value, Nullable`1 expressiontype) in G:\projects\Xms_V2\Libraries\Xms.Data\Provider\ExpressionParser.cs:line 190
   at Xms.Data.Provider.ExpressionParser.Resolve(Expression expression) in G:\projects\Xms_V2\Libraries\Xms.Data\Provider\ExpressionParser.cs:line 87
   at Xms.Data.Provider.ExpressionParser.Resolve(Expression expression) in G:\projects\Xms_V2\Libraries\Xms.Data\Provider\ExpressionParser.cs:line 101
   at Xms.Data.Provider.ExpressionParser.Resolve(Expression expression) in G:\projects\Xms_V2\Libraries\Xms.Data\Provider\ExpressionParser.cs:line 52
   at Xms.Data.Provider.ExpressionParser.ToSql(Expression expression) in G:\projects\Xms_V2\Libraries\Xms.Data\Provider\ExpressionParser.cs:line 41
   at Xms.Core.Context.QueryDescriptor`1.Where(Expression`1 predicate) in G:\projects\Xms_V2\Libraries\Xms.Core\Context\QueryDescriptor.cs:line 157
   at Xms.Web.Customize.Controllers.EntityMapController.<>c__DisplayClass15_0.<EditEntityMap>b__1(QueryDescriptor`1 n) in G:\projects\Xms_V2\Presentation\Xms.Web\Areas\Customize\Controllers\EntityMapController.cs:line 235
   at Xms.Schema.Attribute.AttributeFinder.Query(Func`2 container) in G:\projects\Xms_V2\Libraries\Schema\Xms.Schema\Attribute\AttributeFinder.cs:line 122
   at Xms.Web.Customize.Controllers.EntityMapController.EditEntityMap(Guid entitymapid) in G:\projects\Xms_V2\Presentation\Xms.Web\Areas\Customize\Controllers\EntityMapController.cs:line 229
   at lambda_method(Closure , Object , Object[] )
   at Microsoft.Extensions.Internal.ObjectMethodExecutor.Execute(Object target, Object[] parameters)
   at Microsoft.AspNetCore.Mvc.Internal.ActionMethodExecutor.SyncActionResultExecutor.Execute(IActionResultTypeMapper mapper, ObjectMethodExecutor executor, Object controller, Object[] arguments)
   at Microsoft.AspNetCore.Mvc.Internal.ControllerActionInvoker.InvokeActionMethodAsync()
   at Microsoft.AspNetCore.Mvc.Internal.ControllerActionInvoker.InvokeNextActionFilterAsync()
   at Microsoft.AspNetCore.Mvc.Internal.ControllerActionInvoker.Rethrow(ActionExecutedContext context)
   at Microsoft.AspNetCore.Mvc.Internal.ControllerActionInvoker.Next(State& next, Scope& scope, Object& state, Boolean& isCompleted)
   at Microsoft.AspNetCore.Mvc.Internal.ControllerActionInvoker.InvokeInnerFilterAsync()
   at Microsoft.AspNetCore.Mvc.Internal.ResourceInvoker.InvokeNextResourceFilter()
   at Microsoft.AspNetCore.Mvc.Internal.ResourceInvoker.Rethrow(ResourceExecutedContext context)
   at Microsoft.AspNetCore.Mvc.Internal.ResourceInvoker.Next(State& next, Scope& scope, Object& state, Boolean& isCompleted)
   at Microsoft.AspNetCore.Mvc.Internal.ResourceInvoker.InvokeFilterPipelineAsync()
   at Microsoft.AspNetCore.Mvc.Internal.ResourceInvoker.InvokeAsync()
   at Microsoft.AspNetCore.Builder.RouterMiddleware.Invoke(HttpContext httpContext)
   at Xms.Web.Framework.Middlewares.ExceptionHandlerMiddleware.Invoke(HttpContext context) in G:\projects\Xms_V2\Presentation\Xms.Web.FrameWork\Middlewares\ExceptionHandlerMiddleWare.cs:line 31
2019-05-13 16:17:02,138 [13] ERROR Xms.Web.Framework.Middlewares.ExceptionHandlerMiddleware [(null)] - System.NullReferenceException: Object reference not set to an instance of an object.
   at Xms.Web.Framework.Validators.RequiredLocalizedAttribute.FormatErrorMessage(String name) in G:\projects\Xms_V2\Presentation\Xms.Web.FrameWork\Validators\RequiredAttribute.cs:line 16
   at System.ComponentModel.DataAnnotations.ValidationAttribute.IsValid(Object value, ValidationContext validationContext)
   at System.ComponentModel.DataAnnotations.ValidationAttribute.GetValidationResult(Object value, ValidationContext validationContext)
   at Microsoft.AspNetCore.Mvc.DataAnnotations.Internal.DataAnnotationsModelValidator.Validate(ModelValidationContext validationContext)
   at Microsoft.AspNetCore.Mvc.ModelBinding.Validation.ValidationVisitor.ValidateNode()
   at Microsoft.AspNetCore.Mvc.ModelBinding.Validation.ValidationVisitor.VisitSimpleType()
   at Microsoft.AspNetCore.Mvc.ModelBinding.Validation.ValidationVisitor.Visit(ModelMetadata metadata, String key, Object model)
   at Microsoft.AspNetCore.Mvc.ModelBinding.Validation.ValidationVisitor.VisitChildren(IValidationStrategy strategy)
   at Microsoft.AspNetCore.Mvc.ModelBinding.Validation.ValidationVisitor.VisitComplexType(IValidationStrategy defaultStrategy)
   at Microsoft.AspNetCore.Mvc.ModelBinding.Validation.ValidationVisitor.Visit(ModelMetadata metadata, String key, Object model)
   at Microsoft.AspNetCore.Mvc.ModelBinding.Validation.ValidationVisitor.Validate(ModelMetadata metadata, String key, Object model, Boolean alwaysValidateAtTopLevel)
   at Microsoft.AspNetCore.Mvc.ModelBinding.ObjectModelValidator.Validate(ActionContext actionContext, ValidationStateDictionary validationState, String prefix, Object model)
   at Microsoft.AspNetCore.Mvc.ModelBinding.ParameterBinder.BindModelAsync(ActionContext actionContext, IModelBinder modelBinder, IValueProvider valueProvider, ParameterDescriptor parameter, ModelMetadata metadata, Object value)
   at Microsoft.AspNetCore.Mvc.Internal.ControllerBinderDelegateProvider.<>c__DisplayClass0_0.<<CreateBinderDelegate>g__Bind|0>d.MoveNext()
--- End of stack trace from previous location where exception was thrown ---
   at Microsoft.AspNetCore.Mvc.Internal.ControllerActionInvoker.InvokeInnerFilterAsync()
   at Microsoft.AspNetCore.Mvc.Internal.ResourceInvoker.InvokeNextResourceFilter()
   at Microsoft.AspNetCore.Mvc.Internal.ResourceInvoker.Rethrow(ResourceExecutedContext context)
   at Microsoft.AspNetCore.Mvc.Internal.ResourceInvoker.Next(State& next, Scope& scope, Object& state, Boolean& isCompleted)
   at Microsoft.AspNetCore.Mvc.Internal.ResourceInvoker.InvokeFilterPipelineAsync()
   at Microsoft.AspNetCore.Mvc.Internal.ResourceInvoker.InvokeAsync()
   at Microsoft.AspNetCore.Builder.RouterMiddleware.Invoke(HttpContext httpContext)
   at Xms.Web.Framework.Middlewares.ExceptionHandlerMiddleware.Invoke(HttpContext context) in G:\projects\Xms_V2\Presentation\Xms.Web.FrameWork\Middlewares\ExceptionHandlerMiddleWare.cs:line 31
2019-05-13 16:19:05,423 [26] ERROR Xms.Web.Framework.Middlewares.ExceptionHandlerMiddleware [(null)] - Xms.Infrastructure.XmsException: 列名 'SettingsID' 无效。: SELECT TOP 1  Settings.createdbyname,Settings.createdby,Settings.createdon,Settings.modifiedbyname,Settings.modifiedby,Settings.modifiedon,Settings.name,Settings.organizationidname,Settings.organizationid,Settings.settingid,Settings.statecode,(CASE Settings.statecode WHEN 0 THEN '禁用' WHEN 1 THEN '启用' ELSE '' END) AS statecodename,Settings.statuscode,(CASE Settings.statuscode WHEN 0 THEN '草稿'  WHEN 1 THEN '已激活'  WHEN 2 THEN '作废' ELSE '' END) AS statuscodename,Settings.value,Settings.versionnumber FROM SettingsView AS Settings WITH(NOLOCK)  WHERE  ( Settings.SettingsID=@0 )  ;
 ---> System.Data.SqlClient.SqlException: 列名 'SettingsID' 无效。
   at System.Data.SqlClient.SqlConnection.OnError(SqlException exception, Boolean breakConnection, Action`1 wrapCloseInAction)
   at System.Data.SqlClient.SqlInternalConnection.OnError(SqlException exception, Boolean breakConnection, Action`1 wrapCloseInAction)
   at System.Data.SqlClient.TdsParser.ThrowExceptionAndWarning(TdsParserStateObject stateObj, Boolean callerHasConnectionLock, Boolean asyncClose)
   at System.Data.SqlClient.TdsParser.TryRun(RunBehavior runBehavior, SqlCommand cmdHandler, SqlDataReader dataStream, BulkCopySimpleResultSet bulkCopyHandler, TdsParserStateObject stateObj, Boolean& dataReady)
   at System.Data.SqlClient.SqlDataReader.TryConsumeMetaData()
   at System.Data.SqlClient.SqlDataReader.get_MetaData()
   at System.Data.SqlClient.SqlCommand.FinishExecuteReader(SqlDataReader ds, RunBehavior runBehavior, String resetOptionsString)
   at System.Data.SqlClient.SqlCommand.RunExecuteReaderTds(CommandBehavior cmdBehavior, RunBehavior runBehavior, Boolean returnStream, Boolean async, Int32 timeout, Task& task, Boolean asyncWrite, SqlDataReader ds)
   at System.Data.SqlClient.SqlCommand.RunExecuteReader(CommandBehavior cmdBehavior, RunBehavior runBehavior, Boolean returnStream, TaskCompletionSource`1 completion, Int32 timeout, Task& task, Boolean asyncWrite, String method)
   at System.Data.SqlClient.SqlCommand.ExecuteReader(CommandBehavior behavior)
   at System.Data.SqlClient.SqlCommand.ExecuteDbDataReader(CommandBehavior behavior)
   at System.Data.Common.DbCommand.System.Data.IDbCommand.ExecuteReader()
   at PetaPoco.Database.ExecuteReader[T](CommandType commandType, String sql, Object[] args)+MoveNext()
   --- End of inner exception stack trace ---
   at Xms.Data.DbContext.OnException(Exception e) in G:\projects\Xms_V2\Libraries\Xms.Data\DbContext.cs:line 42
   at PetaPoco.Database.ExecuteReader[T](CommandType commandType, String sql, Object[] args)+MoveNext()
   at System.Linq.Enumerable.SingleOrDefault[TSource](IEnumerable`1 source)
   at Xms.Data.Provider.DataProvider`1.Single(IExecuteContext`1 context) in G:\projects\Xms_V2\Libraries\Xms.Data\Provider\DataProvider.cs:line 207
   at Xms.Data.DataRepositoryBase`1.Find(String sql, Object[] args) in G:\projects\Xms_V2\Libraries\Xms.Data\DataRepositoryBase.cs:line 409
   at Xms.Sdk.Data.QueryExpressionResolver.Find(Boolean ignorePermissions, List`1 noneReadFields) in G:\projects\Xms_V2\Libraries\Sdk\Xms.Sdk\Data\QueryExpressionResolver.cs:line 247
   at Xms.Sdk.Data.OrganizationDataProvider.Retrieve(QueryBase request, Boolean ignorePermissions) in G:\projects\Xms_V2\Libraries\Sdk\Xms.Sdk\Data\OrganizationDataProvider.cs:line 99
   at Xms.Sdk.Client.DataFinder.Retrieve(QueryBase request, Boolean ignorePermissions) in G:\projects\Xms_V2\Libraries\Sdk\Xms.Sdk\Client\DataFinder.cs:line 83
   at Xms.Sdk.Client.DataFinderExtensions.RetrieveById(IDataFinder finder, String entityName, Guid id, String primarykey, Boolean ignorePermissions) in G:\projects\Xms_V2\Libraries\Sdk\Xms.Sdk\Client\DataFinder.cs:line 124
   at Xms.Web.Controllers.FormController.Create(EntityFormModel _formModel) in G:\projects\Xms_V2\Presentation\Xms.Web\Controllers\FormController.cs:line 128
   at lambda_method(Closure , Object , Object[] )
   at Microsoft.Extensions.Internal.ObjectMethodExecutor.Execute(Object target, Object[] parameters)
   at Microsoft.AspNetCore.Mvc.Internal.ActionMethodExecutor.SyncActionResultExecutor.Execute(IActionResultTypeMapper mapper, ObjectMethodExecutor executor, Object controller, Object[] arguments)
   at Microsoft.AspNetCore.Mvc.Internal.ControllerActionInvoker.InvokeActionMethodAsync()
   at Microsoft.AspNetCore.Mvc.Internal.ControllerActionInvoker.InvokeNextActionFilterAsync()
   at Microsoft.AspNetCore.Mvc.Internal.ControllerActionInvoker.Rethrow(ActionExecutedContext context)
   at Microsoft.AspNetCore.Mvc.Internal.ControllerActionInvoker.Next(State& next, Scope& scope, Object& state, Boolean& isCompleted)
   at Microsoft.AspNetCore.Mvc.Internal.ControllerActionInvoker.InvokeInnerFilterAsync()
   at Microsoft.AspNetCore.Mvc.Internal.ResourceInvoker.InvokeNextResourceFilter()
   at Microsoft.AspNetCore.Mvc.Internal.ResourceInvoker.Rethrow(ResourceExecutedContext context)
   at Microsoft.AspNetCore.Mvc.Internal.ResourceInvoker.Next(State& next, Scope& scope, Object& state, Boolean& isCompleted)
   at Microsoft.AspNetCore.Mvc.Internal.ResourceInvoker.InvokeFilterPipelineAsync()
   at Microsoft.AspNetCore.Mvc.Internal.ResourceInvoker.InvokeAsync()
   at Microsoft.AspNetCore.Builder.RouterMiddleware.Invoke(HttpContext httpContext)
   at Xms.Web.Framework.Middlewares.ExceptionHandlerMiddleware.Invoke(HttpContext context) in G:\projects\Xms_V2\Presentation\Xms.Web.FrameWork\Middlewares\ExceptionHandlerMiddleWare.cs:line 31
2019-05-13 16:27:07,136 [48] ERROR Xms.Web.Framework.Middlewares.ExceptionHandlerMiddleware [(null)] - Xms.Infrastructure.XmsException: 列名 'SettingsID' 无效。: SELECT TOP 1  Settings.createdbyname,Settings.createdby,Settings.createdon,Settings.modifiedbyname,Settings.modifiedby,Settings.modifiedon,Settings.name,Settings.organizationidname,Settings.organizationid,Settings.settingid,Settings.statecode,(CASE Settings.statecode WHEN 0 THEN '禁用' WHEN 1 THEN '启用' ELSE '' END) AS statecodename,Settings.statuscode,(CASE Settings.statuscode WHEN 0 THEN '草稿'  WHEN 1 THEN '已激活'  WHEN 2 THEN '作废' ELSE '' END) AS statuscodename,Settings.value,Settings.versionnumber FROM SettingsView AS Settings WITH(NOLOCK)  WHERE  ( Settings.SettingsID=@0 )  ;
 ---> System.Data.SqlClient.SqlException: 列名 'SettingsID' 无效。
   at System.Data.SqlClient.SqlConnection.OnError(SqlException exception, Boolean breakConnection, Action`1 wrapCloseInAction)
   at System.Data.SqlClient.SqlInternalConnection.OnError(SqlException exception, Boolean breakConnection, Action`1 wrapCloseInAction)
   at System.Data.SqlClient.TdsParser.ThrowExceptionAndWarning(TdsParserStateObject stateObj, Boolean callerHasConnectionLock, Boolean asyncClose)
   at System.Data.SqlClient.TdsParser.TryRun(RunBehavior runBehavior, SqlCommand cmdHandler, SqlDataReader dataStream, BulkCopySimpleResultSet bulkCopyHandler, TdsParserStateObject stateObj, Boolean& dataReady)
   at System.Data.SqlClient.SqlDataReader.TryConsumeMetaData()
   at System.Data.SqlClient.SqlDataReader.get_MetaData()
   at System.Data.SqlClient.SqlCommand.FinishExecuteReader(SqlDataReader ds, RunBehavior runBehavior, String resetOptionsString)
   at System.Data.SqlClient.SqlCommand.RunExecuteReaderTds(CommandBehavior cmdBehavior, RunBehavior runBehavior, Boolean returnStream, Boolean async, Int32 timeout, Task& task, Boolean asyncWrite, SqlDataReader ds)
   at System.Data.SqlClient.SqlCommand.RunExecuteReader(CommandBehavior cmdBehavior, RunBehavior runBehavior, Boolean returnStream, TaskCompletionSource`1 completion, Int32 timeout, Task& task, Boolean asyncWrite, String method)
   at System.Data.SqlClient.SqlCommand.ExecuteReader(CommandBehavior behavior)
   at System.Data.SqlClient.SqlCommand.ExecuteDbDataReader(CommandBehavior behavior)
   at System.Data.Common.DbCommand.System.Data.IDbCommand.ExecuteReader()
   at PetaPoco.Database.ExecuteReader[T](CommandType commandType, String sql, Object[] args)+MoveNext()
   --- End of inner exception stack trace ---
   at Xms.Data.DbContext.OnException(Exception e) in G:\projects\Xms_V2\Libraries\Xms.Data\DbContext.cs:line 42
   at PetaPoco.Database.ExecuteReader[T](CommandType commandType, String sql, Object[] args)+MoveNext()
   at System.Linq.Enumerable.SingleOrDefault[TSource](IEnumerable`1 source)
   at Xms.Data.Provider.DataProvider`1.Single(IExecuteContext`1 context) in G:\projects\Xms_V2\Libraries\Xms.Data\Provider\DataProvider.cs:line 207
   at Xms.Data.DataRepositoryBase`1.Find(String sql, Object[] args) in G:\projects\Xms_V2\Libraries\Xms.Data\DataRepositoryBase.cs:line 409
   at Xms.Sdk.Data.QueryExpressionResolver.Find(Boolean ignorePermissions, List`1 noneReadFields) in G:\projects\Xms_V2\Libraries\Sdk\Xms.Sdk\Data\QueryExpressionResolver.cs:line 247
   at Xms.Sdk.Data.OrganizationDataProvider.Retrieve(QueryBase request, Boolean ignorePermissions) in G:\projects\Xms_V2\Libraries\Sdk\Xms.Sdk\Data\OrganizationDataProvider.cs:line 99
   at Xms.Sdk.Client.DataFinder.Retrieve(QueryBase request, Boolean ignorePermissions) in G:\projects\Xms_V2\Libraries\Sdk\Xms.Sdk\Client\DataFinder.cs:line 83
   at Xms.Sdk.Client.DataFinderExtensions.RetrieveById(IDataFinder finder, String entityName, Guid id, String primarykey, Boolean ignorePermissions) in G:\projects\Xms_V2\Libraries\Sdk\Xms.Sdk\Client\DataFinder.cs:line 124
   at Xms.Web.Controllers.FormController.Create(EntityFormModel _formModel) in G:\projects\Xms_V2\Presentation\Xms.Web\Controllers\FormController.cs:line 128
   at Xms.Web.Controllers.FormController.Edit(Guid entityid, Guid recordid, Nullable`1 formid) in G:\projects\Xms_V2\Presentation\Xms.Web\Controllers\FormController.cs:line 493
   at lambda_method(Closure , Object , Object[] )
   at Microsoft.Extensions.Internal.ObjectMethodExecutor.Execute(Object target, Object[] parameters)
   at Microsoft.AspNetCore.Mvc.Internal.ActionMethodExecutor.SyncActionResultExecutor.Execute(IActionResultTypeMapper mapper, ObjectMethodExecutor executor, Object controller, Object[] arguments)
   at Microsoft.AspNetCore.Mvc.Internal.ControllerActionInvoker.InvokeActionMethodAsync()
   at Microsoft.AspNetCore.Mvc.Internal.ControllerActionInvoker.InvokeNextActionFilterAsync()
   at Microsoft.AspNetCore.Mvc.Internal.ControllerActionInvoker.Rethrow(ActionExecutedContext context)
   at Microsoft.AspNetCore.Mvc.Internal.ControllerActionInvoker.Next(State& next, Scope& scope, Object& state, Boolean& isCompleted)
   at Microsoft.AspNetCore.Mvc.Internal.ControllerActionInvoker.InvokeInnerFilterAsync()
   at Microsoft.AspNetCore.Mvc.Internal.ResourceInvoker.InvokeNextResourceFilter()
   at Microsoft.AspNetCore.Mvc.Internal.ResourceInvoker.Rethrow(ResourceExecutedContext context)
   at Microsoft.AspNetCore.Mvc.Internal.ResourceInvoker.Next(State& next, Scope& scope, Object& state, Boolean& isCompleted)
   at Microsoft.AspNetCore.Mvc.Internal.ResourceInvoker.InvokeFilterPipelineAsync()
   at Microsoft.AspNetCore.Mvc.Internal.ResourceInvoker.InvokeAsync()
   at Microsoft.AspNetCore.Builder.RouterMiddleware.Invoke(HttpContext httpContext)
   at Xms.Web.Framework.Middlewares.ExceptionHandlerMiddleware.Invoke(HttpContext context) in G:\projects\Xms_V2\Presentation\Xms.Web.FrameWork\Middlewares\ExceptionHandlerMiddleWare.cs:line 31
2019-05-13 16:31:13,089 [7] ERROR Xms.Web.Framework.Middlewares.ExceptionHandlerMiddleware [(null)] - Xms.Infrastructure.XmsException: 列名 'SettingsId' 无效。: SELECT [Settings].[SettingsId] AS SettingsId,[Settings].[Name] AS Name,[Settings].[Value] AS Value,[Settings].[CreatedOn] AS CreatedOn,[Settings].[CreatedBy] AS CreatedBy,[Settings].[StateCode] AS StateCode,[Settings].[StatusCode] AS StatusCode,[Settings].[OrganizationId] AS OrganizationId
FROM Settings WITH(NOLOCK)
WHERE
(([Settings].[OrganizationId]  =  @0)  and  [Settings].[Name] LIKE @1);
 ---> System.Data.SqlClient.SqlException: 列名 'SettingsId' 无效。
   at System.Data.SqlClient.SqlConnection.OnError(SqlException exception, Boolean breakConnection, Action`1 wrapCloseInAction)
   at System.Data.SqlClient.SqlInternalConnection.OnError(SqlException exception, Boolean breakConnection, Action`1 wrapCloseInAction)
   at System.Data.SqlClient.TdsParser.ThrowExceptionAndWarning(TdsParserStateObject stateObj, Boolean callerHasConnectionLock, Boolean asyncClose)
   at System.Data.SqlClient.TdsParser.TryRun(RunBehavior runBehavior, SqlCommand cmdHandler, SqlDataReader dataStream, BulkCopySimpleResultSet bulkCopyHandler, TdsParserStateObject stateObj, Boolean& dataReady)
   at System.Data.SqlClient.SqlDataReader.TryConsumeMetaData()
   at System.Data.SqlClient.SqlDataReader.get_MetaData()
   at System.Data.SqlClient.SqlCommand.FinishExecuteReader(SqlDataReader ds, RunBehavior runBehavior, String resetOptionsString)
   at System.Data.SqlClient.SqlCommand.RunExecuteReaderTds(CommandBehavior cmdBehavior, RunBehavior runBehavior, Boolean returnStream, Boolean async, Int32 timeout, Task& task, Boolean asyncWrite, SqlDataReader ds)
   at System.Data.SqlClient.SqlCommand.RunExecuteReader(CommandBehavior cmdBehavior, RunBehavior runBehavior, Boolean returnStream, TaskCompletionSource`1 completion, Int32 timeout, Task& task, Boolean asyncWrite, String method)
   at System.Data.SqlClient.SqlCommand.ExecuteReader(CommandBehavior behavior)
   at System.Data.SqlClient.SqlCommand.ExecuteDbDataReader(CommandBehavior behavior)
   at System.Data.Common.DbCommand.System.Data.IDbCommand.ExecuteReader()
   at PetaPoco.Database.ExecuteReader[T](CommandType commandType, String sql, Object[] args)+MoveNext()
   --- End of inner exception stack trace ---
   at Xms.Data.DbContext.OnException(Exception e) in G:\projects\Xms_V2\Libraries\Xms.Data\DbContext.cs:line 42
   at PetaPoco.Database.ExecuteReader[T](CommandType commandType, String sql, Object[] args)+MoveNext()
   at System.Collections.Generic.List`1.AddEnumerable(IEnumerable`1 enumerable)
   at System.Linq.Enumerable.ToList[TSource](IEnumerable`1 source)
   at Xms.Data.Provider.DataProvider`1.Query(IExecuteContext`1 context) in G:\projects\Xms_V2\Libraries\Xms.Data\Provider\DataProvider.cs:line 240
   at Xms.Data.DataRepositoryBase`1.Query(QueryDescriptor`1 q) in G:\projects\Xms_V2\Libraries\Xms.Data\DataRepositoryBase.cs:line 275
   at Xms.Data.DefaultRepository`1.Query(Expression`1 predicate) in G:\projects\Xms_V2\Libraries\Xms.Data\DefaultRepository.cs:line 370
   at Xms.Configuration.SettingFinder.<>c__DisplayClass4_0`1.<Get>b__0() in G:\projects\Xms_V2\Libraries\Configuration\Xms.Configuration\SettingFinder.cs:line 36
   at Xms.Caching.CacheManager`1.GetItemsByPattern(Func`1 acquirer, String[] keyPattern) in G:\projects\Xms_V2\Libraries\Xms.Caching\CacheManager.cs:line 211
   at Xms.Configuration.SettingFinder.Get[T](String nameSpace) in G:\projects\Xms_V2\Libraries\Configuration\Xms.Configuration\SettingFinder.cs:line 34
   at Xms.Web.Framework.Context.WebAppContext.get_PlatformSettings() in G:\projects\Xms_V2\Presentation\Xms.Web.FrameWork\Context\WebAppContext.cs:line 202
   at Xms.Web.Framework.Filters.VisitedLoggingAttribute.OnActionExecuted(ActionExecutedContext filterContext) in G:\projects\Xms_V2\Presentation\Xms.Web.FrameWork\Filters\VisitedLoggingAttribute.cs:line 26
   at Microsoft.AspNetCore.Mvc.Filters.ActionFilterAttribute.OnActionExecutionAsync(ActionExecutingContext context, ActionExecutionDelegate next)
   at Microsoft.AspNetCore.Mvc.Internal.ControllerActionInvoker.InvokeNextActionFilterAsync()
   at Microsoft.AspNetCore.Mvc.Internal.ControllerActionInvoker.Rethrow(ActionExecutedContext context)
   at Microsoft.AspNetCore.Mvc.Internal.ControllerActionInvoker.Next(State& next, Scope& scope, Object& state, Boolean& isCompleted)
   at Microsoft.AspNetCore.Mvc.Internal.ControllerActionInvoker.InvokeInnerFilterAsync()
   at Microsoft.AspNetCore.Mvc.Internal.ResourceInvoker.InvokeNextResourceFilter()
   at Microsoft.AspNetCore.Mvc.Internal.ResourceInvoker.Rethrow(ResourceExecutedContext context)
   at Microsoft.AspNetCore.Mvc.Internal.ResourceInvoker.Next(State& next, Scope& scope, Object& state, Boolean& isCompleted)
   at Microsoft.AspNetCore.Mvc.Internal.ResourceInvoker.InvokeFilterPipelineAsync()
   at Microsoft.AspNetCore.Mvc.Internal.ResourceInvoker.InvokeAsync()
   at Microsoft.AspNetCore.Builder.RouterMiddleware.Invoke(HttpContext httpContext)
   at Xms.Web.Framework.Middlewares.ExceptionHandlerMiddleware.Invoke(HttpContext context) in G:\projects\Xms_V2\Presentation\Xms.Web.FrameWork\Middlewares\ExceptionHandlerMiddleWare.cs:line 31
2019-05-13 16:32:32,612 [14] ERROR Xms.Web.Framework.Middlewares.ExceptionHandlerMiddleware [(null)] - Xms.Infrastructure.XmsException: 列名 'SettingId' 无效。
由于绑定错误，无法使用视图或函数 'SettingsView'。: SELECT TOP 1  Settings.createdbyname,Settings.createdby,Settings.createdon,Settings.modifiedbyname,Settings.modifiedby,Settings.modifiedon,Settings.name,Settings.organizationidname,Settings.organizationid,Settings.settingsid,Settings.statecode,(CASE Settings.statecode WHEN 0 THEN '禁用' WHEN 1 THEN '启用' ELSE '' END) AS statecodename,Settings.statuscode,(CASE Settings.statuscode WHEN 0 THEN '草稿'  WHEN 1 THEN '已激活'  WHEN 2 THEN '作废' ELSE '' END) AS statuscodename,Settings.value,Settings.versionnumber FROM SettingsView AS Settings WITH(NOLOCK)  WHERE  ( Settings.SettingsID=@0 )  ;
 ---> System.Data.SqlClient.SqlException: 列名 'SettingId' 无效。
由于绑定错误，无法使用视图或函数 'SettingsView'。
   at System.Data.SqlClient.SqlConnection.OnError(SqlException exception, Boolean breakConnection, Action`1 wrapCloseInAction)
   at System.Data.SqlClient.SqlInternalConnection.OnError(SqlException exception, Boolean breakConnection, Action`1 wrapCloseInAction)
   at System.Data.SqlClient.TdsParser.ThrowExceptionAndWarning(TdsParserStateObject stateObj, Boolean callerHasConnectionLock, Boolean asyncClose)
   at System.Data.SqlClient.TdsParser.TryRun(RunBehavior runBehavior, SqlCommand cmdHandler, SqlDataReader dataStream, BulkCopySimpleResultSet bulkCopyHandler, TdsParserStateObject stateObj, Boolean& dataReady)
   at System.Data.SqlClient.SqlDataReader.TryConsumeMetaData()
   at System.Data.SqlClient.SqlDataReader.get_MetaData()
   at System.Data.SqlClient.SqlCommand.FinishExecuteReader(SqlDataReader ds, RunBehavior runBehavior, String resetOptionsString)
   at System.Data.SqlClient.SqlCommand.RunExecuteReaderTds(CommandBehavior cmdBehavior, RunBehavior runBehavior, Boolean returnStream, Boolean async, Int32 timeout, Task& task, Boolean asyncWrite, SqlDataReader ds)
   at System.Data.SqlClient.SqlCommand.RunExecuteReader(CommandBehavior cmdBehavior, RunBehavior runBehavior, Boolean returnStream, TaskCompletionSource`1 completion, Int32 timeout, Task& task, Boolean asyncWrite, String method)
   at System.Data.SqlClient.SqlCommand.ExecuteReader(CommandBehavior behavior)
   at System.Data.SqlClient.SqlCommand.ExecuteDbDataReader(CommandBehavior behavior)
   at System.Data.Common.DbCommand.System.Data.IDbCommand.ExecuteReader()
   at PetaPoco.Database.ExecuteReader[T](CommandType commandType, String sql, Object[] args)+MoveNext()
   --- End of inner exception stack trace ---
   at Xms.Data.DbContext.OnException(Exception e) in G:\projects\Xms_V2\Libraries\Xms.Data\DbContext.cs:line 42
   at PetaPoco.Database.ExecuteReader[T](CommandType commandType, String sql, Object[] args)+MoveNext()
   at System.Linq.Enumerable.SingleOrDefault[TSource](IEnumerable`1 source)
   at Xms.Data.Provider.DataProvider`1.Single(IExecuteContext`1 context) in G:\projects\Xms_V2\Libraries\Xms.Data\Provider\DataProvider.cs:line 207
   at Xms.Data.DataRepositoryBase`1.Find(String sql, Object[] args) in G:\projects\Xms_V2\Libraries\Xms.Data\DataRepositoryBase.cs:line 409
   at Xms.Sdk.Data.QueryExpressionResolver.Find(Boolean ignorePermissions, List`1 noneReadFields) in G:\projects\Xms_V2\Libraries\Sdk\Xms.Sdk\Data\QueryExpressionResolver.cs:line 247
   at Xms.Sdk.Data.OrganizationDataProvider.Retrieve(QueryBase request, Boolean ignorePermissions) in G:\projects\Xms_V2\Libraries\Sdk\Xms.Sdk\Data\OrganizationDataProvider.cs:line 99
   at Xms.Sdk.Client.DataFinder.Retrieve(QueryBase request, Boolean ignorePermissions) in G:\projects\Xms_V2\Libraries\Sdk\Xms.Sdk\Client\DataFinder.cs:line 83
   at Xms.Sdk.Client.DataFinderExtensions.RetrieveById(IDataFinder finder, String entityName, Guid id, String primarykey, Boolean ignorePermissions) in G:\projects\Xms_V2\Libraries\Sdk\Xms.Sdk\Client\DataFinder.cs:line 124
   at Xms.Web.Controllers.FormController.Create(EntityFormModel _formModel) in G:\projects\Xms_V2\Presentation\Xms.Web\Controllers\FormController.cs:line 128
   at Xms.Web.Controllers.FormController.Edit(Guid entityid, Guid recordid, Nullable`1 formid) in G:\projects\Xms_V2\Presentation\Xms.Web\Controllers\FormController.cs:line 493
   at lambda_method(Closure , Object , Object[] )
   at Microsoft.Extensions.Internal.ObjectMethodExecutor.Execute(Object target, Object[] parameters)
   at Microsoft.AspNetCore.Mvc.Internal.ActionMethodExecutor.SyncActionResultExecutor.Execute(IActionResultTypeMapper mapper, ObjectMethodExecutor executor, Object controller, Object[] arguments)
   at Microsoft.AspNetCore.Mvc.Internal.ControllerActionInvoker.InvokeActionMethodAsync()
   at Microsoft.AspNetCore.Mvc.Internal.ControllerActionInvoker.InvokeNextActionFilterAsync()
   at Microsoft.AspNetCore.Mvc.Internal.ControllerActionInvoker.Rethrow(ActionExecutedContext context)
   at Microsoft.AspNetCore.Mvc.Internal.ControllerActionInvoker.Next(State& next, Scope& scope, Object& state, Boolean& isCompleted)
   at Microsoft.AspNetCore.Mvc.Internal.ControllerActionInvoker.InvokeInnerFilterAsync()
   at Microsoft.AspNetCore.Mvc.Internal.ResourceInvoker.InvokeNextResourceFilter()
   at Microsoft.AspNetCore.Mvc.Internal.ResourceInvoker.Rethrow(ResourceExecutedContext context)
   at Microsoft.AspNetCore.Mvc.Internal.ResourceInvoker.Next(State& next, Scope& scope, Object& state, Boolean& isCompleted)
   at Microsoft.AspNetCore.Mvc.Internal.ResourceInvoker.InvokeFilterPipelineAsync()
   at Microsoft.AspNetCore.Mvc.Internal.ResourceInvoker.InvokeAsync()
   at Microsoft.AspNetCore.Builder.RouterMiddleware.Invoke(HttpContext httpContext)
   at Xms.Web.Framework.Middlewares.ExceptionHandlerMiddleware.Invoke(HttpContext context) in G:\projects\Xms_V2\Presentation\Xms.Web.FrameWork\Middlewares\ExceptionHandlerMiddleWare.cs:line 31
2019-05-13 16:33:17,071 [20] ERROR Xms.Web.Framework.Middlewares.ExceptionHandlerMiddleware [(null)] - System.ArgumentException: Collection cannot be null and must have at least one item.
Parameter name: requiredObjectId
   at Xms.Infrastructure.Guard.NotEmpty[T](ICollection`1 arg, String argName) in G:\projects\Xms_V2\Libraries\Xms.Infrastructure\Guard.cs:line 171
   at Xms.Dependency.DependencyService.Update(DependencyComponentType dependentComponentType, Guid dependentObjectId, DependencyComponentType requiredComponentType, Guid[] requiredObjectId) in G:\projects\Xms_V2\Libraries\Xms.Dependency\DependencyService.cs:line 83
   at Xms.Form.SystemFormUpdater.Update(SystemForm entity, Boolean updatedConfig) in G:\projects\Xms_V2\Libraries\Form\Xms.Form\SystemFormUpdater.cs:line 56
   at Xms.Web.Customize.Controllers.SystemFormController.EditForm(EditFormModel model) in G:\projects\Xms_V2\Presentation\Xms.Web\Areas\Customize\Controllers\SystemFormController.cs:line 178
   at lambda_method(Closure , Object , Object[] )
   at Microsoft.Extensions.Internal.ObjectMethodExecutor.Execute(Object target, Object[] parameters)
   at Microsoft.AspNetCore.Mvc.Internal.ActionMethodExecutor.SyncActionResultExecutor.Execute(IActionResultTypeMapper mapper, ObjectMethodExecutor executor, Object controller, Object[] arguments)
   at Microsoft.AspNetCore.Mvc.Internal.ControllerActionInvoker.InvokeActionMethodAsync()
   at Microsoft.AspNetCore.Mvc.Internal.ControllerActionInvoker.InvokeNextActionFilterAsync()
   at Microsoft.AspNetCore.Mvc.Internal.ControllerActionInvoker.Rethrow(ActionExecutedContext context)
   at Microsoft.AspNetCore.Mvc.Internal.ControllerActionInvoker.Next(State& next, Scope& scope, Object& state, Boolean& isCompleted)
   at Microsoft.AspNetCore.Mvc.Internal.ControllerActionInvoker.InvokeInnerFilterAsync()
   at Microsoft.AspNetCore.Mvc.Internal.ResourceInvoker.InvokeNextResourceFilter()
   at Microsoft.AspNetCore.Mvc.Internal.ResourceInvoker.Rethrow(ResourceExecutedContext context)
   at Microsoft.AspNetCore.Mvc.Internal.ResourceInvoker.Next(State& next, Scope& scope, Object& state, Boolean& isCompleted)
   at Microsoft.AspNetCore.Mvc.Internal.ResourceInvoker.InvokeFilterPipelineAsync()
   at Microsoft.AspNetCore.Mvc.Internal.ResourceInvoker.InvokeAsync()
   at Microsoft.AspNetCore.Builder.RouterMiddleware.Invoke(HttpContext httpContext)
   at Xms.Web.Framework.Middlewares.ExceptionHandlerMiddleware.Invoke(HttpContext context) in G:\projects\Xms_V2\Presentation\Xms.Web.FrameWork\Middlewares\ExceptionHandlerMiddleWare.cs:line 31
2019-05-13 17:07:37,267 [9] ERROR Xms.Web.Framework.Middlewares.ExceptionHandlerMiddleware [(null)] - System.NullReferenceException: Object reference not set to an instance of an object.
   at Xms.Web.Controllers.BusinessProcessController.BusinessProcess(BusinessProcessArgsModel args) in G:\projects\Xms_V2\Presentation\Xms.Web\Controllers\BusinessFlowController.cs:line 58
   at lambda_method(Closure , Object , Object[] )
   at Microsoft.Extensions.Internal.ObjectMethodExecutor.Execute(Object target, Object[] parameters)
   at Microsoft.AspNetCore.Mvc.Internal.ActionMethodExecutor.SyncActionResultExecutor.Execute(IActionResultTypeMapper mapper, ObjectMethodExecutor executor, Object controller, Object[] arguments)
   at Microsoft.AspNetCore.Mvc.Internal.ControllerActionInvoker.InvokeActionMethodAsync()
   at Microsoft.AspNetCore.Mvc.Internal.ControllerActionInvoker.InvokeNextActionFilterAsync()
   at Microsoft.AspNetCore.Mvc.Internal.ControllerActionInvoker.Rethrow(ActionExecutedContext context)
   at Microsoft.AspNetCore.Mvc.Internal.ControllerActionInvoker.Next(State& next, Scope& scope, Object& state, Boolean& isCompleted)
   at Microsoft.AspNetCore.Mvc.Internal.ControllerActionInvoker.InvokeInnerFilterAsync()
   at Microsoft.AspNetCore.Mvc.Internal.ResourceInvoker.InvokeNextResourceFilter()
   at Microsoft.AspNetCore.Mvc.Internal.ResourceInvoker.Rethrow(ResourceExecutedContext context)
   at Microsoft.AspNetCore.Mvc.Internal.ResourceInvoker.Next(State& next, Scope& scope, Object& state, Boolean& isCompleted)
   at Microsoft.AspNetCore.Mvc.Internal.ResourceInvoker.InvokeFilterPipelineAsync()
   at Microsoft.AspNetCore.Mvc.Internal.ResourceInvoker.InvokeAsync()
   at Microsoft.AspNetCore.Builder.RouterMiddleware.Invoke(HttpContext httpContext)
   at Xms.Web.Framework.Middlewares.ExceptionHandlerMiddleware.Invoke(HttpContext context) in G:\projects\Xms_V2\Presentation\Xms.Web.FrameWork\Middlewares\ExceptionHandlerMiddleWare.cs:line 31
