2019-05-16 10:14:24,224 [21] ERROR Xms.Web.Framework.Middlewares.ExceptionHandlerMiddleware [(null)] - System.NullReferenceException: Object reference not set to an instance of an object.
   at Xms.Business.DataAnalyse.Visualization.ChartBuilder.Build(QueryView queryView, Chart chartEntity, FilterExpression filter, String drillGroup) in G:\projects\Xms_V2\Libraries\Business\Xms.Business.DataAnalyse\Visualization\ChartBuilder.cs:line 59
   at Xms.Web.Controllers.ComponentController.RenderChart(RenderChartModel model) in G:\projects\Xms_V2\Presentation\Xms.Web\Controllers\ComponentController.cs:line 44
   at lambda_method(Closure , Object , Object[] )
   at Microsoft.Extensions.Internal.ObjectMethodExecutor.Execute(Object target, Object[] parameters)
   at Microsoft.AspNetCore.Mvc.Internal.ActionMethodExecutor.SyncActionResultExecutor.Execute(IActionResultTypeMapper mapper, ObjectMethodExecutor executor, Object controller, Object[] arguments)
   at Microsoft.AspNetCore.Mvc.Internal.ControllerActionInvoker.InvokeActionMethodAsync()
   at Microsoft.AspNetCore.Mvc.Internal.ControllerActionInvoker.InvokeNextActionFilterAsync()
   at Microsoft.AspNetCore.Mvc.Internal.ControllerActionInvoker.Rethrow(ActionExecutedContext context)
   at Microsoft.AspNetCore.Mvc.Internal.ControllerActionInvoker.Next(State& next, Scope& scope, Object& state, Boolean& isCompleted)
   at Microsoft.AspNetCore.Mvc.Internal.ControllerActionInvoker.InvokeInnerFilterAsync()
   at Microsoft.AspNetCore.Mvc.Internal.ResourceInvoker.InvokeNextResourceFilter()
   at Microsoft.AspNetCore.Mvc.Internal.ResourceInvoker.Rethrow(ResourceExecutedContext context)
   at Microsoft.AspNetCore.Mvc.Internal.ResourceInvoker.Next(State& next, Scope& scope, Object& state, Boolean& isCompleted)
   at Microsoft.AspNetCore.Mvc.Internal.ResourceInvoker.InvokeFilterPipelineAsync()
   at Microsoft.AspNetCore.Mvc.Internal.ResourceInvoker.InvokeAsync()
   at Microsoft.AspNetCore.Builder.RouterMiddleware.Invoke(HttpContext httpContext)
   at Xms.Web.Framework.Middlewares.ExceptionHandlerMiddleware.Invoke(HttpContext context) in G:\projects\Xms_V2\Presentation\Xms.Web.FrameWork\Middlewares\ExceptionHandlerMiddleWare.cs:line 32
2019-05-16 10:18:53,670 [34] ERROR Xms.Web.Framework.Middlewares.ExceptionHandlerMiddleware [(null)] - System.NullReferenceException: Object reference not set to an instance of an object.
   at Xms.Business.DataAnalyse.Visualization.ChartBuilder.Build(QueryView queryView, Chart chartEntity, FilterExpression filter, String drillGroup) in G:\projects\Xms_V2\Libraries\Business\Xms.Business.DataAnalyse\Visualization\ChartBuilder.cs:line 59
   at Xms.Web.Controllers.ComponentController.RenderChart(RenderChartModel model) in G:\projects\Xms_V2\Presentation\Xms.Web\Controllers\ComponentController.cs:line 44
   at lambda_method(Closure , Object , Object[] )
   at Microsoft.Extensions.Internal.ObjectMethodExecutor.Execute(Object target, Object[] parameters)
   at Microsoft.AspNetCore.Mvc.Internal.ActionMethodExecutor.SyncActionResultExecutor.Execute(IActionResultTypeMapper mapper, ObjectMethodExecutor executor, Object controller, Object[] arguments)
   at Microsoft.AspNetCore.Mvc.Internal.ControllerActionInvoker.InvokeActionMethodAsync()
   at Microsoft.AspNetCore.Mvc.Internal.ControllerActionInvoker.InvokeNextActionFilterAsync()
   at Microsoft.AspNetCore.Mvc.Internal.ControllerActionInvoker.Rethrow(ActionExecutedContext context)
   at Microsoft.AspNetCore.Mvc.Internal.ControllerActionInvoker.Next(State& next, Scope& scope, Object& state, Boolean& isCompleted)
   at Microsoft.AspNetCore.Mvc.Internal.ControllerActionInvoker.InvokeInnerFilterAsync()
   at Microsoft.AspNetCore.Mvc.Internal.ResourceInvoker.InvokeNextResourceFilter()
   at Microsoft.AspNetCore.Mvc.Internal.ResourceInvoker.Rethrow(ResourceExecutedContext context)
   at Microsoft.AspNetCore.Mvc.Internal.ResourceInvoker.Next(State& next, Scope& scope, Object& state, Boolean& isCompleted)
   at Microsoft.AspNetCore.Mvc.Internal.ResourceInvoker.InvokeFilterPipelineAsync()
   at Microsoft.AspNetCore.Mvc.Internal.ResourceInvoker.InvokeAsync()
   at Microsoft.AspNetCore.Builder.RouterMiddleware.Invoke(HttpContext httpContext)
   at Xms.Web.Framework.Middlewares.ExceptionHandlerMiddleware.Invoke(HttpContext context) in G:\projects\Xms_V2\Presentation\Xms.Web.FrameWork\Middlewares\ExceptionHandlerMiddleWare.cs:line 32
